
> vasta-web@0.1.0 pages:build
> npx @opennextjs/cloudflare


┌─────────────────────────────┐
│ OpenNext — Cloudflare build │
└─────────────────────────────┘

WARN OpenNext is not fully compatible with Windows.
WARN For optimal performance, it is recommended to use Windows Subsystem for Linux (WSL).
WARN While OpenNext may function on Windows, it could encounter unpredictable failures during runtime.
App directory: D:\Vasta\vasta\web
Next.js version : 15.4.10
@opennextjs/cloudflare version: 0.5.12
@opennextjs/aws version: https://pkg.pr.new/@opennextjs/aws@7e23eee

┌─────────────────────────────────┐
│ OpenNext — Building Next.js app │
└─────────────────────────────────┘


> vasta-web@0.1.0 build
> next build

   ▲ Next.js 15.4.10
   - Environments: .env.local

   Creating an optimized production build ...
 ✓ Compiled successfully in 21.0s
   Skipping validation of types
   Skipping linting
It looks like you're trying to use TypeScript but do not have the required package(s) installed.
Installing dependencies

If you are not trying to use TypeScript, please remove the tsconfig.json file from your package root (and any TypeScript files in your app and pages directories).


Installing devDependencies (npm):
- typescript
- @types/react
- @types/node

npm error code ERESOLVE
npm error ERESOLVE could not resolve
npm error
npm error While resolving: eslint-config-next@14.2.4
npm error Found: eslint@9.39.2
npm error node_modules/eslint
npm error   peer eslint@"^6.0.0 || ^7.0.0 || >=8.0.0" from @eslint-community/eslint-utils@4.9.1
npm error   node_modules/@eslint-community/eslint-utils
npm error     @eslint-community/eslint-utils@"^4.8.0" from eslint@9.39.2
npm error   peer eslint@"*" from eslint-import-resolver-typescript@3.10.1
npm error   node_modules/eslint-import-resolver-typescript
npm error     eslint-import-resolver-typescript@"^3.5.2" from eslint-config-next@14.2.4
npm error     node_modules/eslint-config-next
npm error       dev eslint-config-next@"latest" from the root project
npm error   4 more (eslint-plugin-import, eslint-plugin-jsx-a11y, ...)
npm error
npm error Could not resolve dependency:
npm error peer eslint@"^7.23.0 || ^8.0.0" from eslint-config-next@14.2.4
npm error node_modules/eslint-config-next
npm error   dev eslint-config-next@"latest" from the root project
npm error
npm error Conflicting peer dependency: eslint@8.57.1
npm error node_modules/eslint
npm error   peer eslint@"^7.23.0 || ^8.0.0" from eslint-config-next@14.2.4
npm error   node_modules/eslint-config-next
npm error     dev eslint-config-next@"latest" from the root project
npm error
npm error Fix the upstream dependency conflict, or retry
npm error this command with --force or --legacy-peer-deps
npm error to accept an incorrect (and potentially broken) dependency resolution.
npm error
npm error
npm error For a full report see:
npm error C:\Users\yorra\AppData\Local\npm-cache\_logs\2026-01-17T13_46_00_036Z-eresolve-report.txt
npm error A complete log of this run can be found in: C:\Users\yorra\AppData\Local\npm-cache\_logs\2026-01-17T13_46_00_036Z-debug-0.log
Failed to install required TypeScript dependencies, please install them manually to continue:
npm install --save-exact --save-dev typescript @types/react @types/node

{
  command: 'npm install --save-exact --save-dev typescript @types/react @types/node'
}
Next.js build worker exited with code: 1 and signal: null
node:internal/errors:985
  const err = new Error(message);
              ^

Error: Command failed: npm run build
    at genericNodeError (node:internal/errors:985:15)
    at wrappedFn (node:internal/errors:539:14)
    at checkExecSyncError (node:child_process:925:11)
    at Object.execSync (node:child_process:997:15)
    at buildNextjsApp (file:///D:/Vasta/vasta/web/node_modules/@opennextjs/aws/dist/build/buildNextApp.js:15:8)
    at build (file:///D:/Vasta/vasta/web/node_modules/@opennextjs/cloudflare/dist/cli/build/build.js:55:9)
    at async file:///D:/Vasta/vasta/web/node_modules/@opennextjs/cloudflare/dist/cli/index.js:7:1 {
  status: 1,
  signal: null,
  output: [ null, null, null ],
  pid: 19196,
  stdout: null,
  stderr: null
}

Node.js v24.12.0
